<?xml version="1.0" encoding="UTF-8"?>
<!-- Generated by org.testng.reporters.JUnitXMLReporter -->
<testsuite hostname="User-PC" ignored="0" name="Default test" tests="4" failures="0" timestamp="12 Apr 2018 10:02:08 GMT" time="58.728" errors="0">
  <testcase name="f" time="28.958" classname="start.loginTest"/>
  <testcase name="fa" time="9.362" classname="start.ContactsTest"/>
  <testcase name="fab" time="12.767" classname="start.NewcontactTest"/>
  <testcase name="fabc" time="7.512" classname="start.combineTest"/>
</testsuite> <!-- Default test -->
